<?xml version="1.0" encoding="UTF-8"?>
<testsuite xmlns:xsi="http://www.w3.org/2001/XMLSchema-instance" xsi:noNamespaceSchemaLocation="https://maven.apache.org/surefire/maven-surefire-plugin/xsd/surefire-test-report-3.0.xsd" version="3.0" name="org.ubp.edu.ar.ejemplocompletofx.modelo.PedidoTest" time="0.037" tests="2" errors="0" skipped="0" failures="0">
  <properties>
    <property name="java.specification.version" value="17"/>
    <property name="sun.jnu.encoding" value="UTF-8"/>
    <property name="java.class.path" value="/Users/federicocasani/Downloads/ejemploCompletoFX/target/test-classes:/Users/federicocasani/Downloads/ejemploCompletoFX/target/classes:/Users/federicocasani/.m2/repository/org/openjfx/javafx-controls/21.0.3/javafx-controls-21.0.3.jar:/Users/federicocasani/.m2/repository/org/openjfx/javafx-controls/21.0.3/javafx-controls-21.0.3-mac-aarch64.jar:/Users/federicocasani/.m2/repository/org/openjfx/javafx-graphics/21.0.3/javafx-graphics-21.0.3.jar:/Users/federicocasani/.m2/repository/org/openjfx/javafx-graphics/21.0.3/javafx-graphics-21.0.3-mac-aarch64.jar:/Users/federicocasani/.m2/repository/org/openjfx/javafx-base/21.0.3/javafx-base-21.0.3.jar:/Users/federicocasani/.m2/repository/org/openjfx/javafx-base/21.0.3/javafx-base-21.0.3-mac-aarch64.jar:/Users/federicocasani/.m2/repository/org/openjfx/javafx-fxml/21.0.3/javafx-fxml-21.0.3.jar:/Users/federicocasani/.m2/repository/org/openjfx/javafx-fxml/21.0.3/javafx-fxml-21.0.3-mac-aarch64.jar:/Users/federicocasani/.m2/repository/org/xerial/sqlite-jdbc/3.41.2.2/sqlite-jdbc-3.41.2.2.jar:/Users/federicocasani/.m2/repository/org/modelmapper/modelmapper/3.2.0/modelmapper-3.2.0.jar:/Users/federicocasani/.m2/repository/net/synedra/validatorfx/0.5.1/validatorfx-0.5.1.jar:/Users/federicocasani/.m2/repository/com/mysql/mysql-connector-j/8.4.0/mysql-connector-j-8.4.0.jar:/Users/federicocasani/.m2/repository/com/google/protobuf/protobuf-java/3.25.1/protobuf-java-3.25.1.jar:/Users/federicocasani/.m2/repository/org/junit/jupiter/junit-jupiter/5.10.0/junit-jupiter-5.10.0.jar:/Users/federicocasani/.m2/repository/org/junit/jupiter/junit-jupiter-api/5.10.0/junit-jupiter-api-5.10.0.jar:/Users/federicocasani/.m2/repository/org/opentest4j/opentest4j/1.3.0/opentest4j-1.3.0.jar:/Users/federicocasani/.m2/repository/org/junit/platform/junit-platform-commons/1.10.0/junit-platform-commons-1.10.0.jar:/Users/federicocasani/.m2/repository/org/apiguardian/apiguardian-api/1.1.2/apiguardian-api-1.1.2.jar:/Users/federicocasani/.m2/repository/org/junit/jupiter/junit-jupiter-params/5.10.0/junit-jupiter-params-5.10.0.jar:/Users/federicocasani/.m2/repository/org/junit/jupiter/junit-jupiter-engine/5.10.0/junit-jupiter-engine-5.10.0.jar:/Users/federicocasani/.m2/repository/org/junit/platform/junit-platform-engine/1.10.0/junit-platform-engine-1.10.0.jar:"/>
    <property name="java.vm.vendor" value="Eclipse Adoptium"/>
    <property name="sun.arch.data.model" value="64"/>
    <property name="java.vendor.url" value="https://adoptium.net/"/>
    <property name="os.name" value="Mac OS X"/>
    <property name="java.vm.specification.version" value="17"/>
    <property name="user.country" value="AR"/>
    <property name="sun.java.launcher" value="SUN_STANDARD"/>
    <property name="sun.boot.library.path" value="/Users/federicocasani/.sdkman/candidates/java/17.0.15-tem/lib"/>
    <property name="sun.java.command" value="/Users/federicocasani/Downloads/ejemploCompletoFX/target/surefire/surefirebooter-20250619103504637_3.jar /Users/federicocasani/Downloads/ejemploCompletoFX/target/surefire 2025-06-19T10-35-04_229-jvmRun1 surefire-20250619103504637_1tmp surefire_0-20250619103504637_2tmp"/>
    <property name="http.nonProxyHosts" value="local|*.local|169.254/16|*.169.254/16"/>
    <property name="jdk.debug" value="release"/>
    <property name="surefire.test.class.path" value="/Users/federicocasani/Downloads/ejemploCompletoFX/target/test-classes:/Users/federicocasani/Downloads/ejemploCompletoFX/target/classes:/Users/federicocasani/.m2/repository/org/openjfx/javafx-controls/21.0.3/javafx-controls-21.0.3.jar:/Users/federicocasani/.m2/repository/org/openjfx/javafx-controls/21.0.3/javafx-controls-21.0.3-mac-aarch64.jar:/Users/federicocasani/.m2/repository/org/openjfx/javafx-graphics/21.0.3/javafx-graphics-21.0.3.jar:/Users/federicocasani/.m2/repository/org/openjfx/javafx-graphics/21.0.3/javafx-graphics-21.0.3-mac-aarch64.jar:/Users/federicocasani/.m2/repository/org/openjfx/javafx-base/21.0.3/javafx-base-21.0.3.jar:/Users/federicocasani/.m2/repository/org/openjfx/javafx-base/21.0.3/javafx-base-21.0.3-mac-aarch64.jar:/Users/federicocasani/.m2/repository/org/openjfx/javafx-fxml/21.0.3/javafx-fxml-21.0.3.jar:/Users/federicocasani/.m2/repository/org/openjfx/javafx-fxml/21.0.3/javafx-fxml-21.0.3-mac-aarch64.jar:/Users/federicocasani/.m2/repository/org/xerial/sqlite-jdbc/3.41.2.2/sqlite-jdbc-3.41.2.2.jar:/Users/federicocasani/.m2/repository/org/modelmapper/modelmapper/3.2.0/modelmapper-3.2.0.jar:/Users/federicocasani/.m2/repository/net/synedra/validatorfx/0.5.1/validatorfx-0.5.1.jar:/Users/federicocasani/.m2/repository/com/mysql/mysql-connector-j/8.4.0/mysql-connector-j-8.4.0.jar:/Users/federicocasani/.m2/repository/com/google/protobuf/protobuf-java/3.25.1/protobuf-java-3.25.1.jar:/Users/federicocasani/.m2/repository/org/junit/jupiter/junit-jupiter/5.10.0/junit-jupiter-5.10.0.jar:/Users/federicocasani/.m2/repository/org/junit/jupiter/junit-jupiter-api/5.10.0/junit-jupiter-api-5.10.0.jar:/Users/federicocasani/.m2/repository/org/opentest4j/opentest4j/1.3.0/opentest4j-1.3.0.jar:/Users/federicocasani/.m2/repository/org/junit/platform/junit-platform-commons/1.10.0/junit-platform-commons-1.10.0.jar:/Users/federicocasani/.m2/repository/org/apiguardian/apiguardian-api/1.1.2/apiguardian-api-1.1.2.jar:/Users/federicocasani/.m2/repository/org/junit/jupiter/junit-jupiter-params/5.10.0/junit-jupiter-params-5.10.0.jar:/Users/federicocasani/.m2/repository/org/junit/jupiter/junit-jupiter-engine/5.10.0/junit-jupiter-engine-5.10.0.jar:/Users/federicocasani/.m2/repository/org/junit/platform/junit-platform-engine/1.10.0/junit-platform-engine-1.10.0.jar:"/>
    <property name="sun.cpu.endian" value="little"/>
    <property name="user.home" value="/Users/federicocasani"/>
    <property name="user.language" value="en"/>
    <property name="java.specification.vendor" value="Oracle Corporation"/>
    <property name="java.version.date" value="2025-04-15"/>
    <property name="java.home" value="/Users/federicocasani/.sdkman/candidates/java/17.0.15-tem"/>
    <property name="file.separator" value="/"/>
    <property name="basedir" value="/Users/federicocasani/Downloads/ejemploCompletoFX"/>
    <property name="java.vm.compressedOopsMode" value="Zero based"/>
    <property name="line.separator" value="&#10;"/>
    <property name="java.vm.specification.vendor" value="Oracle Corporation"/>
    <property name="java.specification.name" value="Java Platform API Specification"/>
    <property name="surefire.real.class.path" value="/Users/federicocasani/Downloads/ejemploCompletoFX/target/surefire/surefirebooter-20250619103504637_3.jar"/>
    <property name="sun.management.compiler" value="HotSpot 64-Bit Tiered Compilers"/>
    <property name="ftp.nonProxyHosts" value="local|*.local|169.254/16|*.169.254/16"/>
    <property name="java.runtime.version" value="17.0.15+6"/>
    <property name="user.name" value="federicocasani"/>
    <property name="path.separator" value=":"/>
    <property name="os.version" value="15.5"/>
    <property name="java.runtime.name" value="OpenJDK Runtime Environment"/>
    <property name="file.encoding" value="UTF-8"/>
    <property name="java.vm.name" value="OpenJDK 64-Bit Server VM"/>
    <property name="java.vendor.version" value="Temurin-17.0.15+6"/>
    <property name="maven.ext.class.path" value="/Applications/Apache NetBeans.app/Contents/Resources/netbeans/java/maven-nblib/netbeans-eventspy.jar"/>
    <property name="localRepository" value="/Users/federicocasani/.m2/repository"/>
    <property name="java.vendor.url.bug" value="https://github.com/adoptium/adoptium-support/issues"/>
    <property name="java.io.tmpdir" value="/var/folders/01/tlk1049j76z5x717rl3fn4g80000gn/T/"/>
    <property name="java.version" value="17.0.15"/>
    <property name="user.dir" value="/Users/federicocasani/Downloads/ejemploCompletoFX"/>
    <property name="os.arch" value="aarch64"/>
    <property name="java.vm.specification.name" value="Java Virtual Machine Specification"/>
    <property name="native.encoding" value="UTF-8"/>
    <property name="java.library.path" value="/Users/federicocasani/Library/Java/Extensions:/Library/Java/Extensions:/Network/Library/Java/Extensions:/System/Library/Java/Extensions:/usr/lib/java:."/>
    <property name="java.vm.info" value="mixed mode, sharing"/>
    <property name="java.vendor" value="Eclipse Adoptium"/>
    <property name="java.vm.version" value="17.0.15+6"/>
    <property name="java.specification.maintenance.version" value="1"/>
    <property name="sun.io.unicode.encoding" value="UnicodeBig"/>
    <property name="socksNonProxyHosts" value="local|*.local|169.254/16|*.169.254/16"/>
    <property name="java.class.version" value="61.0"/>
  </properties>
  <testcase name="testAgregarItemRepetido" classname="org.ubp.edu.ar.ejemplocompletofx.modelo.PedidoTest" time="0.025"/>
  <testcase name="testCalcularTotalDetalle" classname="org.ubp.edu.ar.ejemplocompletofx.modelo.PedidoTest" time="0.002"/>
</testsuite>